<?xml version="1.0" encoding="UTF-8"?>
<!-- Generated by org.testng.reporters.JUnitReportReporter -->
<testsuite skipped="0" hostname="sadhana-PC" name="restassured.TC03_PUT" tests="1" failures="0" timestamp="15 Apr 2020 11:51:07 GMT" time="4.761" errors="0">
  <testcase name="upate" time="4.761" classname="restassured.TC03_PUT"/>
</testsuite> <!-- restassured.TC03_PUT -->
