<?xml version="1.0" encoding="UTF-8"?>
<!-- Generated by org.testng.reporters.JUnitReportReporter -->
<testsuite skipped="0" hostname="sadhana-PC" name="restassured.TC03__PUT" tests="1" failures="0" timestamp="15 Apr 2020 07:16:19 GMT" time="5.765" errors="0">
  <testcase name="upate" time="5.765" classname="restassured.TC03__PUT"/>
</testsuite> <!-- restassured.TC03__PUT -->
