<?xml version="1.0" encoding="UTF-8"?>
<!-- Generated by org.testng.reporters.JUnitReportReporter -->
<testsuite skipped="0" hostname="sadhana-PC" name="restassured.TC01_Post_Request" tests="1" failures="0" timestamp="15 Apr 2020 11:36:25 GMT" time="4.270" errors="0">
  <testcase name="createData" time="4.270" classname="restassured.TC01_Post_Request"/>
</testsuite> <!-- restassured.TC01_Post_Request -->
