<?xml version="1.0" encoding="UTF-8"?>
<!-- Generated by org.testng.reporters.JUnitReportReporter -->
<testsuite skipped="0" hostname="sadhana-PC" name="restassured.TC02_GET_Request" tests="1" failures="0" timestamp="15 Apr 2020 13:12:57 GMT" time="3.247" errors="0">
  <testcase name="retriveData" time="3.247" classname="restassured.TC02_GET_Request"/>
</testsuite> <!-- restassured.TC02_GET_Request -->
